<?xml version="1.0" encoding="UTF-8"?>
<!-- Generated by org.testng.reporters.JUnitReportReporter -->
<testsuite hostname="DESKTOP-1TK4TSS" failures="0" tests="5" name="org.MavenProject.FruitclassTest" time="0.024" errors="0" timestamp="18 Jul 2022 11:03:10 GMT">
  <testcase classname="org.MavenProject.FruitclassTest" name="guanaTest" time="0.002"/>
  <testcase classname="org.MavenProject.FruitclassTest" name="waterMelon" time="0.009"/>
  <testcase classname="org.MavenProject.FruitclassTest" name="bananaTest" time="0.002"/>
  <testcase classname="org.MavenProject.FruitclassTest" name="mangoTest" time="0.006"/>
  <testcase classname="org.MavenProject.FruitclassTest" name="grapesTest" time="0.005"/>
</testsuite> <!-- org.MavenProject.FruitclassTest -->
